{"total": {"lines":{"total":709,"covered":629,"skipped":0,"pct":88.71},"statements":{"total":731,"covered":637,"skipped":0,"pct":87.14},"functions":{"total":251,"covered":208,"skipped":0,"pct":82.86},"branches":{"total":472,"covered":398,"skipped":0,"pct":84.32},"branchesTrue":{"total":0,"covered":0,"skipped":0,"pct":100}}
,"/Users/matt/Documents/testExpo/expo-test/src/database/repositories/ActivityLogRepository.ts": {"lines":{"total":17,"covered":14,"skipped":0,"pct":82.35},"functions":{"total":7,"covered":5,"skipped":0,"pct":71.42},"statements":{"total":18,"covered":14,"skipped":0,"pct":77.77},"branches":{"total":15,"covered":12,"skipped":0,"pct":80}}
,"/Users/matt/Documents/testExpo/expo-test/src/database/repositories/BackupMetadataRepository.ts": {"lines":{"total":26,"covered":22,"skipped":0,"pct":84.61},"functions":{"total":8,"covered":6,"skipped":0,"pct":75},"statements":{"total":27,"covered":22,"skipped":0,"pct":81.48},"branches":{"total":23,"covered":19,"skipped":0,"pct":82.6}}
,"/Users/matt/Documents/testExpo/expo-test/src/database/repositories/BalanceAdjustmentRepository.ts": {"lines":{"total":34,"covered":31,"skipped":0,"pct":91.17},"functions":{"total":13,"covered":11,"skipped":0,"pct":84.61},"statements":{"total":35,"covered":31,"skipped":0,"pct":88.57},"branches":{"total":16,"covered":13,"skipped":0,"pct":81.25}}
,"/Users/matt/Documents/testExpo/expo-test/src/database/repositories/BillCycleInstanceRepository.ts": {"lines":{"total":48,"covered":45,"skipped":0,"pct":93.75},"functions":{"total":17,"covered":15,"skipped":0,"pct":88.23},"statements":{"total":49,"covered":45,"skipped":0,"pct":91.83},"branches":{"total":36,"covered":30,"skipped":0,"pct":83.33}}
,"/Users/matt/Documents/testExpo/expo-test/src/database/repositories/BillRepository.ts": {"lines":{"total":53,"covered":49,"skipped":0,"pct":92.45},"functions":{"total":17,"covered":14,"skipped":0,"pct":82.35},"statements":{"total":54,"covered":49,"skipped":0,"pct":90.74},"branches":{"total":48,"covered":43,"skipped":0,"pct":89.58}}
,"/Users/matt/Documents/testExpo/expo-test/src/database/repositories/ImportSuggestionRepository.ts": {"lines":{"total":52,"covered":46,"skipped":0,"pct":88.46},"functions":{"total":15,"covered":13,"skipped":0,"pct":86.66},"statements":{"total":53,"covered":46,"skipped":0,"pct":86.79},"branches":{"total":34,"covered":28,"skipped":0,"pct":82.35}}
,"/Users/matt/Documents/testExpo/expo-test/src/database/repositories/NotificationSettingsRepository.ts": {"lines":{"total":33,"covered":30,"skipped":0,"pct":90.9},"functions":{"total":11,"covered":9,"skipped":0,"pct":81.81},"statements":{"total":34,"covered":30,"skipped":0,"pct":88.23},"branches":{"total":48,"covered":37,"skipped":0,"pct":77.08}}
,"/Users/matt/Documents/testExpo/expo-test/src/database/repositories/PaycheckRepository.ts": {"lines":{"total":56,"covered":55,"skipped":0,"pct":98.21},"functions":{"total":17,"covered":17,"skipped":0,"pct":100},"statements":{"total":58,"covered":57,"skipped":0,"pct":98.27},"branches":{"total":53,"covered":49,"skipped":0,"pct":92.45}}
,"/Users/matt/Documents/testExpo/expo-test/src/database/repositories/ProfileRepository.ts": {"lines":{"total":33,"covered":30,"skipped":0,"pct":90.9},"functions":{"total":13,"covered":11,"skipped":0,"pct":84.61},"statements":{"total":34,"covered":30,"skipped":0,"pct":88.23},"branches":{"total":25,"covered":16,"skipped":0,"pct":64}}
,"/Users/matt/Documents/testExpo/expo-test/src/database/repositories/PurchaseRepository.ts": {"lines":{"total":52,"covered":48,"skipped":0,"pct":92.3},"functions":{"total":19,"covered":17,"skipped":0,"pct":89.47},"statements":{"total":53,"covered":48,"skipped":0,"pct":90.56},"branches":{"total":33,"covered":29,"skipped":0,"pct":87.87}}
,"/Users/matt/Documents/testExpo/expo-test/src/database/repositories/SyncQueueRepository.ts": {"lines":{"total":11,"covered":8,"skipped":0,"pct":72.72},"functions":{"total":5,"covered":3,"skipped":0,"pct":60},"statements":{"total":12,"covered":8,"skipped":0,"pct":66.66},"branches":{"total":4,"covered":1,"skipped":0,"pct":25}}
,"/Users/matt/Documents/testExpo/expo-test/src/database/repositories/index.ts": {"lines":{"total":0,"covered":0,"skipped":0,"pct":100},"functions":{"total":0,"covered":0,"skipped":0,"pct":100},"statements":{"total":0,"covered":0,"skipped":0,"pct":100},"branches":{"total":0,"covered":0,"skipped":0,"pct":100}}
,"/Users/matt/Documents/testExpo/expo-test/src/database/repositories/rowMappers.ts": {"lines":{"total":11,"covered":11,"skipped":0,"pct":100},"functions":{"total":11,"covered":11,"skipped":0,"pct":100},"statements":{"total":11,"covered":11,"skipped":0,"pct":100},"branches":{"total":0,"covered":0,"skipped":0,"pct":100}}
,"/Users/matt/Documents/testExpo/expo-test/src/database/repositories/types.ts": {"lines":{"total":0,"covered":0,"skipped":0,"pct":100},"functions":{"total":0,"covered":0,"skipped":0,"pct":100},"statements":{"total":0,"covered":0,"skipped":0,"pct":100},"branches":{"total":0,"covered":0,"skipped":0,"pct":100}}
,"/Users/matt/Documents/testExpo/expo-test/src/database/schema/index.ts": {"lines":{"total":0,"covered":0,"skipped":0,"pct":100},"functions":{"total":0,"covered":0,"skipped":0,"pct":100},"statements":{"total":0,"covered":0,"skipped":0,"pct":100},"branches":{"total":0,"covered":0,"skipped":0,"pct":100}}
,"/Users/matt/Documents/testExpo/expo-test/src/database/schema/schemaV1.ts": {"lines":{"total":4,"covered":4,"skipped":0,"pct":100},"functions":{"total":0,"covered":0,"skipped":0,"pct":100},"statements":{"total":4,"covered":4,"skipped":0,"pct":100},"branches":{"total":0,"covered":0,"skipped":0,"pct":100}}
,"/Users/matt/Documents/testExpo/expo-test/src/engine/activityLog.ts": {"lines":{"total":20,"covered":18,"skipped":0,"pct":90},"functions":{"total":7,"covered":6,"skipped":0,"pct":85.71},"statements":{"total":20,"covered":18,"skipped":0,"pct":90},"branches":{"total":20,"covered":18,"skipped":0,"pct":90}}
,"/Users/matt/Documents/testExpo/expo-test/src/engine/balance.ts": {"lines":{"total":17,"covered":17,"skipped":0,"pct":100},"functions":{"total":16,"covered":16,"skipped":0,"pct":100},"statements":{"total":20,"covered":20,"skipped":0,"pct":100},"branches":{"total":0,"covered":0,"skipped":0,"pct":100}}
,"/Users/matt/Documents/testExpo/expo-test/src/engine/billInstances.ts": {"lines":{"total":77,"covered":72,"skipped":0,"pct":93.5},"functions":{"total":17,"covered":17,"skipped":0,"pct":100},"statements":{"total":78,"covered":73,"skipped":0,"pct":93.58},"branches":{"total":57,"covered":49,"skipped":0,"pct":85.96}}
,"/Users/matt/Documents/testExpo/expo-test/src/engine/cycleBoundaries.ts": {"lines":{"total":36,"covered":36,"skipped":0,"pct":100},"functions":{"total":9,"covered":9,"skipped":0,"pct":100},"statements":{"total":36,"covered":36,"skipped":0,"pct":100},"branches":{"total":10,"covered":10,"skipped":0,"pct":100}}
,"/Users/matt/Documents/testExpo/expo-test/src/engine/index.ts": {"lines":{"total":0,"covered":0,"skipped":0,"pct":100},"functions":{"total":0,"covered":0,"skipped":0,"pct":100},"statements":{"total":0,"covered":0,"skipped":0,"pct":100},"branches":{"total":0,"covered":0,"skipped":0,"pct":100}}
,"/Users/matt/Documents/testExpo/expo-test/src/engine/paycheckRecurrence.ts": {"lines":{"total":33,"covered":33,"skipped":0,"pct":100},"functions":{"total":8,"covered":8,"skipped":0,"pct":100},"statements":{"total":34,"covered":34,"skipped":0,"pct":100},"branches":{"total":11,"covered":11,"skipped":0,"pct":100}}
,"/Users/matt/Documents/testExpo/expo-test/src/engine/safeToSpend.ts": {"lines":{"total":9,"covered":9,"skipped":0,"pct":100},"functions":{"total":1,"covered":1,"skipped":0,"pct":100},"statements":{"total":9,"covered":9,"skipped":0,"pct":100},"branches":{"total":0,"covered":0,"skipped":0,"pct":100}}
,"/Users/matt/Documents/testExpo/expo-test/src/engine/types.ts": {"lines":{"total":0,"covered":0,"skipped":0,"pct":100},"functions":{"total":0,"covered":0,"skipped":0,"pct":100},"statements":{"total":0,"covered":0,"skipped":0,"pct":100},"branches":{"total":0,"covered":0,"skipped":0,"pct":100}}
,"/Users/matt/Documents/testExpo/expo-test/src/engine/variableBills.ts": {"lines":{"total":11,"covered":11,"skipped":0,"pct":100},"functions":{"total":1,"covered":1,"skipped":0,"pct":100},"statements":{"total":11,"covered":11,"skipped":0,"pct":100},"branches":{"total":10,"covered":10,"skipped":0,"pct":100}}
,"/Users/matt/Documents/testExpo/expo-test/src/shared/currency.ts": {"lines":{"total":18,"covered":17,"skipped":0,"pct":94.44},"functions":{"total":6,"covered":6,"skipped":0,"pct":100},"statements":{"total":18,"covered":17,"skipped":0,"pct":94.44},"branches":{"total":17,"covered":16,"skipped":0,"pct":94.11}}
,"/Users/matt/Documents/testExpo/expo-test/src/shared/events/SimpleFinancialEventBus.ts": {"lines":{"total":7,"covered":7,"skipped":0,"pct":100},"functions":{"total":4,"covered":4,"skipped":0,"pct":100},"statements":{"total":8,"covered":8,"skipped":0,"pct":100},"branches":{"total":2,"covered":2,"skipped":0,"pct":100}}
,"/Users/matt/Documents/testExpo/expo-test/src/shared/events/financialEvents.ts": {"lines":{"total":1,"covered":1,"skipped":0,"pct":100},"functions":{"total":0,"covered":0,"skipped":0,"pct":100},"statements":{"total":1,"covered":1,"skipped":0,"pct":100},"branches":{"total":0,"covered":0,"skipped":0,"pct":100}}
,"/Users/matt/Documents/testExpo/expo-test/src/shared/fixtures/financialFixtures.ts": {"lines":{"total":10,"covered":9,"skipped":0,"pct":90},"functions":{"total":6,"covered":5,"skipped":0,"pct":83.33},"statements":{"total":10,"covered":9,"skipped":0,"pct":90},"branches":{"total":6,"covered":5,"skipped":0,"pct":83.33}}
,"/Users/matt/Documents/testExpo/expo-test/src/shared/services/appRuntime.ts": {"lines":{"total":27,"covered":0,"skipped":0,"pct":0},"functions":{"total":20,"covered":0,"skipped":0,"pct":0},"statements":{"total":31,"covered":0,"skipped":0,"pct":0},"branches":{"total":4,"covered":0,"skipped":0,"pct":0}}
,"/Users/matt/Documents/testExpo/expo-test/src/shared/services/createAppServices.ts": {"lines":{"total":5,"covered":5,"skipped":0,"pct":100},"functions":{"total":2,"covered":2,"skipped":0,"pct":100},"statements":{"total":5,"covered":5,"skipped":0,"pct":100},"branches":{"total":0,"covered":0,"skipped":0,"pct":100}}
,"/Users/matt/Documents/testExpo/expo-test/src/shared/services/idFactory.ts": {"lines":{"total":1,"covered":1,"skipped":0,"pct":100},"functions":{"total":1,"covered":1,"skipped":0,"pct":100},"statements":{"total":1,"covered":1,"skipped":0,"pct":100},"branches":{"total":0,"covered":0,"skipped":0,"pct":100}}
,"/Users/matt/Documents/testExpo/expo-test/src/shared/ui/keyboard.ts": {"lines":{"total":5,"covered":0,"skipped":0,"pct":0},"functions":{"total":0,"covered":0,"skipped":0,"pct":100},"statements":{"total":5,"covered":0,"skipped":0,"pct":0},"branches":{"total":0,"covered":0,"skipped":0,"pct":100}}
,"/Users/matt/Documents/testExpo/expo-test/src/shared/ui/styles.ts": {"lines":{"total":2,"covered":0,"skipped":0,"pct":0},"functions":{"total":0,"covered":0,"skipped":0,"pct":100},"statements":{"total":2,"covered":0,"skipped":0,"pct":0},"branches":{"total":0,"covered":0,"skipped":0,"pct":100}}
,"/Users/matt/Documents/testExpo/expo-test/src/shared/ui/types.ts": {"lines":{"total":0,"covered":0,"skipped":0,"pct":100},"functions":{"total":0,"covered":0,"skipped":0,"pct":100},"statements":{"total":0,"covered":0,"skipped":0,"pct":100},"branches":{"total":0,"covered":0,"skipped":0,"pct":100}}
}
